  [1m[35m (250.4ms)[0m  [1m[35mCREATE DATABASE "cats_development" ENCODING = 'unicode'[0m
  ↳ bin/rails:9
  [1m[35m (124.2ms)[0m  [1m[35mCREATE DATABASE "cats_test" ENCODING = 'unicode'[0m
  ↳ bin/rails:9
  [1m[35m (7.4ms)[0m  [1m[35mCREATE DATABASE "cats_development" ENCODING = 'unicode'[0m
  ↳ bin/rails:9
  [1m[35m (1.9ms)[0m  [1m[35mCREATE DATABASE "cats_test" ENCODING = 'unicode'[0m
  ↳ bin/rails:9
  [1m[35m (21.5ms)[0m  [1m[35mCREATE TABLE "schema_migrations" ("version" character varying NOT NULL PRIMARY KEY)[0m
  ↳ bin/rails:9
  [1m[35m (29.0ms)[0m  [1m[35mCREATE TABLE "ar_internal_metadata" ("key" character varying NOT NULL PRIMARY KEY, "value" character varying, "created_at" timestamp NOT NULL, "updated_at" timestamp NOT NULL)[0m
  ↳ bin/rails:9
  [1m[35m (0.3ms)[0m  [1m[34mSELECT pg_try_advisory_lock(782232805093510260)[0m
  ↳ bin/rails:9
  [1m[35m (0.6ms)[0m  [1m[34mSELECT "schema_migrations"."version" FROM "schema_migrations" ORDER BY "schema_migrations"."version" ASC[0m
  ↳ bin/rails:9
Migrating to CreateCats (20210917154338)
  [1m[35m (0.2ms)[0m  [1m[34mSELECT pg_advisory_unlock(782232805093510260)[0m
  ↳ bin/rails:9
  [1m[35m (0.2ms)[0m  [1m[34mSELECT pg_try_advisory_lock(782232805093510260)[0m
  ↳ bin/rails:9
  [1m[35m (0.9ms)[0m  [1m[34mSELECT "schema_migrations"."version" FROM "schema_migrations" ORDER BY "schema_migrations"."version" ASC[0m
  ↳ bin/rails:9
Migrating to CreateCats (20210917154338)
  [1m[35m (0.3ms)[0m  [1m[34mSELECT pg_advisory_unlock(782232805093510260)[0m
  ↳ bin/rails:9
  [1m[35m (0.2ms)[0m  [1m[34mSELECT pg_try_advisory_lock(782232805093510260)[0m
  ↳ bin/rails:9
  [1m[35m (0.9ms)[0m  [1m[34mSELECT "schema_migrations"."version" FROM "schema_migrations" ORDER BY "schema_migrations"."version" ASC[0m
  ↳ bin/rails:9
Migrating to CreateCats (20210917154338)
  [1m[35m (0.3ms)[0m  [1m[34mSELECT pg_advisory_unlock(782232805093510260)[0m
  ↳ bin/rails:9
  [1m[35m (0.6ms)[0m  [1m[34mSELECT pg_try_advisory_lock(782232805093510260)[0m
  ↳ bin/rails:9
  [1m[35m (0.9ms)[0m  [1m[34mSELECT "schema_migrations"."version" FROM "schema_migrations" ORDER BY "schema_migrations"."version" ASC[0m
  ↳ bin/rails:9
Migrating to CreateCats (20210917154338)
  [1m[35m (0.2ms)[0m  [1m[35mBEGIN[0m
  ↳ bin/rails:9
  [1m[35m (0.2ms)[0m  [1m[31mROLLBACK[0m
  ↳ bin/rails:9
  [1m[35m (0.5ms)[0m  [1m[34mSELECT pg_advisory_unlock(782232805093510260)[0m
  ↳ bin/rails:9
